# Logfile created on Tue Jan 27 12:03:52 +0530 2009  [4;36;1mSQL (0.3ms)[0m   [0;1mSET SQL_AUTO_IS_NULL=0[0m
  [4;35;1mSQL (0.8ms)[0m   [0mSHOW TABLES[0m
  [4;36;1mSQL (57.5ms)[0m   [0;1mCREATE TABLE `schema_migrations` (`version` varchar(255) NOT NULL) ENGINE=InnoDB[0m
  [4;35;1mSQL (5.1ms)[0m   [0mCREATE UNIQUE INDEX `unique_schema_migrations` ON `schema_migrations` (`version`)[0m
  [4;36;1mSQL (0.4ms)[0m   [0;1mSHOW TABLES[0m
  [4;35;1mSQL (0.4ms)[0m   [0mSELECT version FROM schema_migrations[0m
Migrating to CreatePosts (20080911140931)
  [4;36;1mSQL (2.1ms)[0m   [0;1mCREATE TABLE `posts` (`id` int(11) DEFAULT NULL auto_increment PRIMARY KEY, `created_at` datetime, `updated_at` datetime) ENGINE=InnoDB[0m
  [4;35;1mSQL (2.3ms)[0m   [0mCREATE TABLE `post_translations` (`id` int(11) DEFAULT NULL auto_increment PRIMARY KEY, `locale` varchar(255), `post_id` int(11), `title` varchar(255), `text` text) ENGINE=InnoDB[0m
  [4;36;1mSQL (0.7ms)[0m   [0;1mINSERT INTO schema_migrations (version) VALUES ('20080911140931')[0m
  [4;35;1mSQL (0.5ms)[0m   [0mSHOW TABLES[0m
  [4;36;1mSQL (0.2ms)[0m   [0;1mSELECT version FROM schema_migrations[0m
  [4;35;1mSQL (0.3ms)[0m   [0mSHOW TABLES[0m
  [4;36;1mSQL (2.1ms)[0m   [0;1mSHOW FIELDS FROM `post_translations`[0m
  [4;35;1mSQL (1.6ms)[0m   [0mdescribe `post_translations`[0m
  [4;36;1mSQL (0.5ms)[0m   [0;1mSHOW KEYS FROM `post_translations`[0m
  [4;35;1mSQL (1.4ms)[0m   [0mSHOW FIELDS FROM `posts`[0m
  [4;36;1mSQL (1.4ms)[0m   [0;1mdescribe `posts`[0m
  [4;35;1mSQL (0.6ms)[0m   [0mSHOW KEYS FROM `posts`[0m
  [4;36;1mSQL (0.3ms)[0m   [0;1mSET SQL_AUTO_IS_NULL=0[0m
  [4;36;1mSQL (0.3ms)[0m   [0;1mSET SQL_AUTO_IS_NULL=0[0m


Processing ActionController::Base#index (for 127.0.0.1 at 2009-01-27 12:05:35) [GET]

NameError (uninitialized constant ApplicationController):
  app/controllers/posts_controller.rb:1

Rendered rescues/_trace (33.6ms)
Rendered rescues/_request_and_response (0.7ms)
Rendering rescues/layout (internal_server_error)
  [4;35;1mSQL (0.1ms)[0m   [0mSET SQL_AUTO_IS_NULL=0[0m


Processing ActionController::Base#index (for 127.0.0.1 at 2009-01-27 12:05:45) [GET]

NameError (uninitialized constant ApplicationController):
  app/controllers/posts_controller.rb:1

Rendered rescues/_trace (34.5ms)
Rendered rescues/_request_and_response (0.3ms)
Rendering rescues/layout (internal_server_error)
  [4;36;1mSQL (0.3ms)[0m   [0;1mSET SQL_AUTO_IS_NULL=0[0m


Processing ActionController::Base#index (for 127.0.0.1 at 2009-01-27 12:11:30) [GET]

NameError (uninitialized constant ApplicationController):
  app/controllers/posts_controller.rb:1

Rendered rescues/_trace (33.5ms)
Rendered rescues/_request_and_response (0.7ms)
Rendering rescues/layout (internal_server_error)
  [4;35;1mSQL (0.2ms)[0m   [0mSET SQL_AUTO_IS_NULL=0[0m


Processing ActionController::Base#index (for 127.0.0.1 at 2009-01-27 12:41:49) [GET]

NameError (uninitialized constant ApplicationController):
  app/controllers/posts_controller.rb:1

Rendered rescues/_trace (35.2ms)
Rendered rescues/_request_and_response (0.3ms)
Rendering rescues/layout (internal_server_error)
  [4;36;1mSQL (14.2ms)[0m   [0;1mSET SQL_AUTO_IS_NULL=0[0m
  [4;35;1mSQL (0.5ms)[0m   [0mSHOW TABLES[0m
  [4;36;1mSQL (32.1ms)[0m   [0;1mSELECT version FROM schema_migrations[0m
  [4;36;1mSQL (0.3ms)[0m   [0;1mSET SQL_AUTO_IS_NULL=0[0m
  [4;35;1mSQL (0.5ms)[0m   [0mSHOW TABLES[0m
  [4;36;1mSQL (0.2ms)[0m   [0;1mSELECT version FROM schema_migrations[0m


Processing PostsController#index (for 127.0.0.1 at 2009-01-28 09:35:48) [GET]
  [4;36;1mSQL (0.3ms)[0m   [0;1mSET SQL_AUTO_IS_NULL=0[0m
  [4;35;1mPost Load (32.8ms)[0m   [0mSELECT * FROM `posts` [0m
Rendering template within layouts/posts
Rendering posts/index
  [4;36;1mPost Columns (1.9ms)[0m   [0;1mSHOW FIELDS FROM `posts`[0m
  [4;35;1mPostTranslation Load (2.3ms)[0m   [0mSELECT * FROM `post_translations` WHERE (`post_translations`.post_id = 1 AND (`post_translations`.`locale` IN ('en','root'))) [0m
  [4;36;1mPostTranslation Columns (1.5ms)[0m   [0;1mSHOW FIELDS FROM `post_translations`[0m
  [4;35;1mCACHE (0.0ms)[0m   [0mSELECT * FROM `post_translations` WHERE (`post_translations`.post_id = 1 AND (`post_translations`.`locale` IN ('en','root'))) [0m
Completed in 244ms (View: 190, DB: 33) | 200 OK [http://localhost/]


Processing PostsController#new (for 127.0.0.1 at 2009-01-28 09:36:20) [GET]
  Parameters: {"locale"=>"en"}
  [4;36;1mSQL (0.1ms)[0m   [0;1mSET SQL_AUTO_IS_NULL=0[0m
  [4;35;1mPost Columns (1.6ms)[0m   [0mSHOW FIELDS FROM `posts`[0m
Rendering template within layouts/posts
Rendering posts/new
  [4;36;1mPostTranslation Load (0.4ms)[0m   [0;1mSELECT * FROM `post_translations` WHERE (`post_translations`.post_id = NULL AND (`post_translations`.`locale` IN ('en','root'))) [0m
  [4;35;1mCACHE (0.0ms)[0m   [0mSELECT * FROM `post_translations` WHERE (`post_translations`.post_id = NULL AND (`post_translations`.`locale` IN ('en','root'))) [0m
Completed in 98ms (View: 89, DB: 2) | 200 OK [http://localhost/posts/new?locale=en]


Processing PostsController#create (for 127.0.0.1 at 2009-01-28 09:36:31) [POST]
  Parameters: {"commit"=>"Create", "authenticity_token"=>"347c5107b6920876961eee9267a36d8a8040411e", "post"=>{"text"=>"This is a test post", "title"=>"test post"}, "locale"=>"en"}
  [4;36;1mSQL (0.1ms)[0m   [0;1mSET SQL_AUTO_IS_NULL=0[0m
  [4;35;1mPost Columns (1.7ms)[0m   [0mSHOW FIELDS FROM `posts`[0m
  [4;36;1mSQL (0.1ms)[0m   [0;1mBEGIN[0m
  [4;35;1mPost Create (0.4ms)[0m   [0mINSERT INTO `posts` (`updated_at`, `created_at`) VALUES('2009-01-28 04:06:31', '2009-01-28 04:06:31')[0m
  [4;36;1mPostTranslation Columns (1.5ms)[0m   [0;1mSHOW FIELDS FROM `post_translations`[0m
  [4;35;1mPostTranslation Load (0.7ms)[0m   [0mSELECT * FROM `post_translations` WHERE (`post_translations`.`locale` = 'en') AND (`post_translations`.post_id = 2) LIMIT 1[0m
  [4;36;1mPostTranslation Create (0.3ms)[0m   [0;1mINSERT INTO `post_translations` (`title`, `text`, `post_id`, `locale`) VALUES('test post', 'This is a test post', 2, 'en')[0m
  [4;35;1mSQL (0.7ms)[0m   [0mCOMMIT[0m
Redirected to #<Post:0x2094ac8>
Completed in 21ms (DB: 6) | 302 Found [http://localhost/posts]


Processing PostsController#show (for 127.0.0.1 at 2009-01-28 09:36:31) [GET]
  Parameters: {"id"=>"2", "locale"=>"en"}
  [4;36;1mSQL (0.1ms)[0m   [0;1mSET SQL_AUTO_IS_NULL=0[0m
  [4;35;1mPost Columns (1.7ms)[0m   [0mSHOW FIELDS FROM `posts`[0m
  [4;36;1mPost Load (0.5ms)[0m   [0;1mSELECT * FROM `posts` WHERE (`posts`.`id` = 2) [0m
Rendering template within layouts/posts
Rendering posts/show
  [4;35;1mPostTranslation Load (0.4ms)[0m   [0mSELECT * FROM `post_translations` WHERE (`post_translations`.post_id = 2 AND (`post_translations`.`locale` IN ('en','root'))) [0m
  [4;36;1mPostTranslation Columns (1.4ms)[0m   [0;1mSHOW FIELDS FROM `post_translations`[0m
  [4;35;1mCACHE (0.0ms)[0m   [0mSELECT * FROM `post_translations` WHERE (`post_translations`.post_id = 2 AND (`post_translations`.`locale` IN ('en','root'))) [0m
Completed in 52ms (View: 42, DB: 2) | 200 OK [http://localhost/posts/2?locale=en]


Processing PostsController#index (for 127.0.0.1 at 2009-01-28 09:36:39) [GET]
  [4;36;1mSQL (0.1ms)[0m   [0;1mSET SQL_AUTO_IS_NULL=0[0m
  [4;35;1mPost Load (0.3ms)[0m   [0mSELECT * FROM `posts` [0m
Rendering template within layouts/posts
Rendering posts/index
  [4;36;1mPost Columns (1.6ms)[0m   [0;1mSHOW FIELDS FROM `posts`[0m
  [4;35;1mPostTranslation Load (0.4ms)[0m   [0mSELECT * FROM `post_translations` WHERE (`post_translations`.post_id = 1 AND (`post_translations`.`locale` IN ('en','root'))) [0m
  [4;36;1mPostTranslation Columns (1.3ms)[0m   [0;1mSHOW FIELDS FROM `post_translations`[0m
  [4;35;1mCACHE (0.0ms)[0m   [0mSELECT * FROM `post_translations` WHERE (`post_translations`.post_id = 1 AND (`post_translations`.`locale` IN ('en','root'))) [0m
  [4;36;1mPostTranslation Load (0.4ms)[0m   [0;1mSELECT * FROM `post_translations` WHERE (`post_translations`.post_id = 2 AND (`post_translations`.`locale` IN ('en','root'))) [0m
  [4;35;1mCACHE (0.0ms)[0m   [0mSELECT * FROM `post_translations` WHERE (`post_translations`.post_id = 2 AND (`post_translations`.`locale` IN ('en','root'))) [0m
Completed in 29ms (View: 22, DB: 0) | 200 OK [http://localhost/]


Processing PostsController#index (for 127.0.0.1 at 2009-01-28 09:36:42) [GET]
  Parameters: {"locale"=>"he"}
  [4;36;1mSQL (0.1ms)[0m   [0;1mSET SQL_AUTO_IS_NULL=0[0m
  [4;35;1mPost Load (0.3ms)[0m   [0mSELECT * FROM `posts` [0m
Rendering template within layouts/posts
Rendering posts/index
  [4;36;1mPost Columns (1.6ms)[0m   [0;1mSHOW FIELDS FROM `posts`[0m
  [4;35;1mPostTranslation Load (0.4ms)[0m   [0mSELECT * FROM `post_translations` WHERE (`post_translations`.post_id = 1 AND (`post_translations`.`locale` IN ('he','en','root'))) [0m
  [4;36;1mPostTranslation Columns (1.4ms)[0m   [0;1mSHOW FIELDS FROM `post_translations`[0m
  [4;35;1mCACHE (0.0ms)[0m   [0mSELECT * FROM `post_translations` WHERE (`post_translations`.post_id = 1 AND (`post_translations`.`locale` IN ('he','en','root'))) [0m
  [4;36;1mPostTranslation Load (0.4ms)[0m   [0;1mSELECT * FROM `post_translations` WHERE (`post_translations`.post_id = 2 AND (`post_translations`.`locale` IN ('he','en','root'))) [0m
  [4;35;1mCACHE (0.0ms)[0m   [0mSELECT * FROM `post_translations` WHERE (`post_translations`.post_id = 2 AND (`post_translations`.`locale` IN ('he','en','root'))) [0m
Completed in 108ms (View: 23, DB: 0) | 200 OK [http://localhost/?locale=he]


Processing PostsController#index (for 127.0.0.1 at 2009-01-28 09:36:49) [GET]
  Parameters: {"locale"=>"de"}
  [4;36;1mSQL (0.1ms)[0m   [0;1mSET SQL_AUTO_IS_NULL=0[0m
  [4;35;1mPost Load (0.3ms)[0m   [0mSELECT * FROM `posts` [0m
Rendering template within layouts/posts
Rendering posts/index
  [4;36;1mPost Columns (1.6ms)[0m   [0;1mSHOW FIELDS FROM `posts`[0m
  [4;35;1mPostTranslation Load (0.4ms)[0m   [0mSELECT * FROM `post_translations` WHERE (`post_translations`.post_id = 1 AND (`post_translations`.`locale` IN ('de','en','root'))) [0m
  [4;36;1mPostTranslation Columns (1.4ms)[0m   [0;1mSHOW FIELDS FROM `post_translations`[0m
  [4;35;1mCACHE (0.0ms)[0m   [0mSELECT * FROM `post_translations` WHERE (`post_translations`.post_id = 1 AND (`post_translations`.`locale` IN ('de','en','root'))) [0m
  [4;36;1mPostTranslation Load (0.4ms)[0m   [0;1mSELECT * FROM `post_translations` WHERE (`post_translations`.post_id = 2 AND (`post_translations`.`locale` IN ('de','en','root'))) [0m
  [4;35;1mCACHE (0.0ms)[0m   [0mSELECT * FROM `post_translations` WHERE (`post_translations`.post_id = 2 AND (`post_translations`.`locale` IN ('de','en','root'))) [0m
Completed in 30ms (View: 23, DB: 0) | 200 OK [http://localhost/?locale=de]


Processing PostsController#index (for 127.0.0.1 at 2009-01-28 09:58:35) [GET]
  Parameters: {"locale"=>"en"}
  [4;36;1mSQL (0.1ms)[0m   [0;1mSET SQL_AUTO_IS_NULL=0[0m
  [4;35;1mPost Load (0.4ms)[0m   [0mSELECT * FROM `posts` [0m
Rendering template within layouts/posts
Rendering posts/index
  [4;36;1mPost Columns (1.6ms)[0m   [0;1mSHOW FIELDS FROM `posts`[0m
  [4;35;1mPostTranslation Load (0.3ms)[0m   [0mSELECT * FROM `post_translations` WHERE (`post_translations`.post_id = 1 AND (`post_translations`.`locale` IN ('en','root'))) [0m
  [4;36;1mPostTranslation Columns (1.4ms)[0m   [0;1mSHOW FIELDS FROM `post_translations`[0m
  [4;35;1mCACHE (0.0ms)[0m   [0mSELECT * FROM `post_translations` WHERE (`post_translations`.post_id = 1 AND (`post_translations`.`locale` IN ('en','root'))) [0m
  [4;36;1mPostTranslation Load (0.4ms)[0m   [0;1mSELECT * FROM `post_translations` WHERE (`post_translations`.post_id = 2 AND (`post_translations`.`locale` IN ('en','root'))) [0m
  [4;35;1mCACHE (0.0ms)[0m   [0mSELECT * FROM `post_translations` WHERE (`post_translations`.post_id = 2 AND (`post_translations`.`locale` IN ('en','root'))) [0m
Completed in 30ms (View: 22, DB: 1) | 200 OK [http://localhost/?locale=en]


Processing PostsController#index (for 127.0.0.1 at 2009-01-28 09:59:21) [GET]
  Parameters: {"locale"=>"he"}
  [4;36;1mSQL (0.1ms)[0m   [0;1mSET SQL_AUTO_IS_NULL=0[0m
  [4;35;1mPost Load (0.3ms)[0m   [0mSELECT * FROM `posts` [0m
Rendering template within layouts/posts
Rendering posts/index
  [4;36;1mPost Columns (1.6ms)[0m   [0;1mSHOW FIELDS FROM `posts`[0m
  [4;35;1mPostTranslation Load (0.4ms)[0m   [0mSELECT * FROM `post_translations` WHERE (`post_translations`.post_id = 1 AND (`post_translations`.`locale` IN ('he','en','root'))) [0m
  [4;36;1mPostTranslation Columns (1.3ms)[0m   [0;1mSHOW FIELDS FROM `post_translations`[0m
  [4;35;1mCACHE (0.0ms)[0m   [0mSELECT * FROM `post_translations` WHERE (`post_translations`.post_id = 1 AND (`post_translations`.`locale` IN ('he','en','root'))) [0m
  [4;36;1mPostTranslation Load (0.4ms)[0m   [0;1mSELECT * FROM `post_translations` WHERE (`post_translations`.post_id = 2 AND (`post_translations`.`locale` IN ('he','en','root'))) [0m
  [4;35;1mCACHE (0.0ms)[0m   [0mSELECT * FROM `post_translations` WHERE (`post_translations`.post_id = 2 AND (`post_translations`.`locale` IN ('he','en','root'))) [0m
Completed in 30ms (View: 22, DB: 0) | 200 OK [http://localhost/?locale=he]


Processing PostsController#index (for 127.0.0.1 at 2009-01-28 10:26:52) [GET]
  Parameters: {"locale"=>"en"}
  [4;36;1mSQL (0.1ms)[0m   [0;1mSET SQL_AUTO_IS_NULL=0[0m
  [4;35;1mPost Load (0.3ms)[0m   [0mSELECT * FROM `posts` [0m
Rendering template within layouts/posts
Rendering posts/index
  [4;36;1mPost Columns (1.6ms)[0m   [0;1mSHOW FIELDS FROM `posts`[0m
  [4;35;1mPostTranslation Load (0.3ms)[0m   [0mSELECT * FROM `post_translations` WHERE (`post_translations`.post_id = 1 AND (`post_translations`.`locale` IN ('en','root'))) [0m
  [4;36;1mPostTranslation Columns (1.3ms)[0m   [0;1mSHOW FIELDS FROM `post_translations`[0m
  [4;35;1mCACHE (0.0ms)[0m   [0mSELECT * FROM `post_translations` WHERE (`post_translations`.post_id = 1 AND (`post_translations`.`locale` IN ('en','root'))) [0m
  [4;36;1mPostTranslation Load (0.4ms)[0m   [0;1mSELECT * FROM `post_translations` WHERE (`post_translations`.post_id = 2 AND (`post_translations`.`locale` IN ('en','root'))) [0m
  [4;35;1mCACHE (0.0ms)[0m   [0mSELECT * FROM `post_translations` WHERE (`post_translations`.post_id = 2 AND (`post_translations`.`locale` IN ('en','root'))) [0m
Completed in 29ms (View: 22, DB: 0) | 200 OK [http://localhost/?locale=en]


Processing PostsController#index (for 127.0.0.1 at 2009-01-28 10:26:58) [GET]
  Parameters: {"locale"=>"de"}
  [4;36;1mSQL (0.1ms)[0m   [0;1mSET SQL_AUTO_IS_NULL=0[0m
  [4;35;1mPost Load (0.3ms)[0m   [0mSELECT * FROM `posts` [0m
Rendering template within layouts/posts
Rendering posts/index
  [4;36;1mPost Columns (1.5ms)[0m   [0;1mSHOW FIELDS FROM `posts`[0m
  [4;35;1mPostTranslation Load (0.4ms)[0m   [0mSELECT * FROM `post_translations` WHERE (`post_translations`.post_id = 1 AND (`post_translations`.`locale` IN ('de','en','root'))) [0m
  [4;36;1mPostTranslation Columns (1.3ms)[0m   [0;1mSHOW FIELDS FROM `post_translations`[0m
  [4;35;1mCACHE (0.0ms)[0m   [0mSELECT * FROM `post_translations` WHERE (`post_translations`.post_id = 1 AND (`post_translations`.`locale` IN ('de','en','root'))) [0m
  [4;36;1mPostTranslation Load (0.4ms)[0m   [0;1mSELECT * FROM `post_translations` WHERE (`post_translations`.post_id = 2 AND (`post_translations`.`locale` IN ('de','en','root'))) [0m
  [4;35;1mCACHE (0.0ms)[0m   [0mSELECT * FROM `post_translations` WHERE (`post_translations`.post_id = 2 AND (`post_translations`.`locale` IN ('de','en','root'))) [0m
Completed in 30ms (View: 22, DB: 0) | 200 OK [http://localhost/?locale=de]


Processing PostsController#show (for 127.0.0.1 at 2009-01-28 10:27:33) [GET]
  Parameters: {"id"=>"1", "locale"=>"de"}
  [4;36;1mSQL (0.1ms)[0m   [0;1mSET SQL_AUTO_IS_NULL=0[0m
  [4;35;1mPost Columns (1.6ms)[0m   [0mSHOW FIELDS FROM `posts`[0m
  [4;36;1mPost Load (0.4ms)[0m   [0;1mSELECT * FROM `posts` WHERE (`posts`.`id` = 1) [0m
Rendering template within layouts/posts
Rendering posts/show
  [4;35;1mPostTranslation Load (0.5ms)[0m   [0mSELECT * FROM `post_translations` WHERE (`post_translations`.post_id = 1 AND (`post_translations`.`locale` IN ('de','en','root'))) [0m
  [4;36;1mPostTranslation Columns (1.6ms)[0m   [0;1mSHOW FIELDS FROM `post_translations`[0m
  [4;35;1mCACHE (0.0ms)[0m   [0mSELECT * FROM `post_translations` WHERE (`post_translations`.post_id = 1 AND (`post_translations`.`locale` IN ('de','en','root'))) [0m
Completed in 30ms (View: 20, DB: 2) | 200 OK [http://localhost/posts/1?locale=de]


Processing PostsController#show (for 127.0.0.1 at 2009-01-28 10:27:36) [GET]
  Parameters: {"id"=>"1", "locale"=>"en"}
  [4;36;1mSQL (0.1ms)[0m   [0;1mSET SQL_AUTO_IS_NULL=0[0m
  [4;35;1mPost Columns (1.6ms)[0m   [0mSHOW FIELDS FROM `posts`[0m
  [4;36;1mPost Load (0.3ms)[0m   [0;1mSELECT * FROM `posts` WHERE (`posts`.`id` = 1) [0m
Rendering template within layouts/posts
Rendering posts/show
  [4;35;1mPostTranslation Load (0.5ms)[0m   [0mSELECT * FROM `post_translations` WHERE (`post_translations`.post_id = 1 AND (`post_translations`.`locale` IN ('en','root'))) [0m
  [4;36;1mPostTranslation Columns (1.5ms)[0m   [0;1mSHOW FIELDS FROM `post_translations`[0m
  [4;35;1mCACHE (0.0ms)[0m   [0mSELECT * FROM `post_translations` WHERE (`post_translations`.post_id = 1 AND (`post_translations`.`locale` IN ('en','root'))) [0m
Completed in 119ms (View: 109, DB: 2) | 200 OK [http://localhost/posts/1?locale=en]


Processing PostsController#edit (for 127.0.0.1 at 2009-01-28 10:27:38) [GET]
  Parameters: {"id"=>"1", "locale"=>"en"}
  [4;36;1mSQL (0.1ms)[0m   [0;1mSET SQL_AUTO_IS_NULL=0[0m
  [4;35;1mPost Columns (1.6ms)[0m   [0mSHOW FIELDS FROM `posts`[0m
  [4;36;1mPost Load (0.3ms)[0m   [0;1mSELECT * FROM `posts` WHERE (`posts`.`id` = 1) [0m
Rendering template within layouts/posts
Rendering posts/edit
  [4;35;1mPostTranslation Load (0.4ms)[0m   [0mSELECT * FROM `post_translations` WHERE (`post_translations`.post_id = 1 AND (`post_translations`.`locale` IN ('en','root'))) [0m
  [4;36;1mPostTranslation Columns (1.5ms)[0m   [0;1mSHOW FIELDS FROM `post_translations`[0m
  [4;35;1mCACHE (0.0ms)[0m   [0mSELECT * FROM `post_translations` WHERE (`post_translations`.post_id = 1 AND (`post_translations`.`locale` IN ('en','root'))) [0m
Completed in 46ms (View: 36, DB: 2) | 200 OK [http://localhost/posts/1/edit?locale=en]


Processing PostsController#edit (for 127.0.0.1 at 2009-01-28 10:27:41) [GET]
  Parameters: {"id"=>"1", "locale"=>"he"}
  [4;36;1mSQL (0.1ms)[0m   [0;1mSET SQL_AUTO_IS_NULL=0[0m
  [4;35;1mPost Columns (1.6ms)[0m   [0mSHOW FIELDS FROM `posts`[0m
  [4;36;1mPost Load (0.3ms)[0m   [0;1mSELECT * FROM `posts` WHERE (`posts`.`id` = 1) [0m
Rendering template within layouts/posts
Rendering posts/edit
  [4;35;1mPostTranslation Load (0.5ms)[0m   [0mSELECT * FROM `post_translations` WHERE (`post_translations`.post_id = 1 AND (`post_translations`.`locale` IN ('he','en','root'))) [0m
  [4;36;1mPostTranslation Columns (1.8ms)[0m   [0;1mSHOW FIELDS FROM `post_translations`[0m
  [4;35;1mCACHE (0.0ms)[0m   [0mSELECT * FROM `post_translations` WHERE (`post_translations`.post_id = 1 AND (`post_translations`.`locale` IN ('he','en','root'))) [0m
Completed in 30ms (View: 20, DB: 2) | 200 OK [http://localhost/posts/1/edit?locale=he]


Processing PostsController#edit (for 127.0.0.1 at 2009-01-28 10:27:44) [GET]
  Parameters: {"id"=>"1", "locale"=>"de"}
  [4;36;1mSQL (0.1ms)[0m   [0;1mSET SQL_AUTO_IS_NULL=0[0m
  [4;35;1mPost Columns (1.6ms)[0m   [0mSHOW FIELDS FROM `posts`[0m
  [4;36;1mPost Load (0.3ms)[0m   [0;1mSELECT * FROM `posts` WHERE (`posts`.`id` = 1) [0m
Rendering template within layouts/posts
Rendering posts/edit
  [4;35;1mPostTranslation Load (0.5ms)[0m   [0mSELECT * FROM `post_translations` WHERE (`post_translations`.post_id = 1 AND (`post_translations`.`locale` IN ('de','en','root'))) [0m
  [4;36;1mPostTranslation Columns (1.7ms)[0m   [0;1mSHOW FIELDS FROM `post_translations`[0m
  [4;35;1mCACHE (0.0ms)[0m   [0mSELECT * FROM `post_translations` WHERE (`post_translations`.post_id = 1 AND (`post_translations`.`locale` IN ('de','en','root'))) [0m
Completed in 31ms (View: 22, DB: 2) | 200 OK [http://localhost/posts/1/edit?locale=de]


Processing PostsController#edit (for 127.0.0.1 at 2009-01-28 10:27:48) [GET]
  Parameters: {"id"=>"1", "locale"=>"en"}
  [4;36;1mSQL (0.1ms)[0m   [0;1mSET SQL_AUTO_IS_NULL=0[0m
  [4;35;1mPost Columns (1.6ms)[0m   [0mSHOW FIELDS FROM `posts`[0m
  [4;36;1mPost Load (0.2ms)[0m   [0;1mSELECT * FROM `posts` WHERE (`posts`.`id` = 1) [0m
Rendering template within layouts/posts
Rendering posts/edit
  [4;35;1mPostTranslation Load (0.4ms)[0m   [0mSELECT * FROM `post_translations` WHERE (`post_translations`.post_id = 1 AND (`post_translations`.`locale` IN ('en','root'))) [0m
  [4;36;1mPostTranslation Columns (1.4ms)[0m   [0;1mSHOW FIELDS FROM `post_translations`[0m
  [4;35;1mCACHE (0.0ms)[0m   [0mSELECT * FROM `post_translations` WHERE (`post_translations`.post_id = 1 AND (`post_translations`.`locale` IN ('en','root'))) [0m
Completed in 30ms (View: 20, DB: 2) | 200 OK [http://localhost/posts/1/edit?locale=en]


Processing PostsController#edit (for 127.0.0.1 at 2009-01-28 10:30:18) [GET]
  Parameters: {"id"=>"1", "locale"=>"de"}
  [4;36;1mSQL (0.1ms)[0m   [0;1mSET SQL_AUTO_IS_NULL=0[0m
  [4;35;1mPost Columns (1.6ms)[0m   [0mSHOW FIELDS FROM `posts`[0m
  [4;36;1mPost Load (0.4ms)[0m   [0;1mSELECT * FROM `posts` WHERE (`posts`.`id` = 1) [0m
Rendering template within layouts/posts
Rendering posts/edit
  [4;35;1mPostTranslation Load (0.5ms)[0m   [0mSELECT * FROM `post_translations` WHERE (`post_translations`.post_id = 1 AND (`post_translations`.`locale` IN ('de','en','root'))) [0m
  [4;36;1mPostTranslation Columns (1.5ms)[0m   [0;1mSHOW FIELDS FROM `post_translations`[0m
  [4;35;1mCACHE (0.0ms)[0m   [0mSELECT * FROM `post_translations` WHERE (`post_translations`.post_id = 1 AND (`post_translations`.`locale` IN ('de','en','root'))) [0m
Completed in 30ms (View: 20, DB: 2) | 200 OK [http://localhost/posts/1/edit?locale=de]


Processing PostsController#index (for 127.0.0.1 at 2009-01-30 21:22:15) [GET]
  [4;36;1mSQL (35.6ms)[0m   [0;1mSET SQL_AUTO_IS_NULL=0[0m
  [4;35;1mPost Load (53.4ms)[0m   [0mSELECT * FROM `posts` [0m
Rendering template within layouts/posts
Rendering posts/index
  [4;36;1mPost Columns (2.0ms)[0m   [0;1mSHOW FIELDS FROM `posts`[0m
  [4;35;1mPostTranslation Load (2.2ms)[0m   [0mSELECT * FROM `post_translations` WHERE (`post_translations`.post_id = 1 AND (`post_translations`.`locale` IN ('en','root'))) [0m
  [4;36;1mPostTranslation Columns (1.4ms)[0m   [0;1mSHOW FIELDS FROM `post_translations`[0m
  [4;35;1mCACHE (0.0ms)[0m   [0mSELECT * FROM `post_translations` WHERE (`post_translations`.post_id = 1 AND (`post_translations`.`locale` IN ('en','root'))) [0m
  [4;36;1mPostTranslation Load (0.6ms)[0m   [0;1mSELECT * FROM `post_translations` WHERE (`post_translations`.post_id = 2 AND (`post_translations`.`locale` IN ('en','root'))) [0m
  [4;35;1mCACHE (0.0ms)[0m   [0mSELECT * FROM `post_translations` WHERE (`post_translations`.post_id = 2 AND (`post_translations`.`locale` IN ('en','root'))) [0m
Completed in 150ms (View: 88, DB: 89) | 200 OK [http://localhost/]
